<?xml version="1.0" encoding="UTF-8"?>
<Site BuildName="Win32-mingw32-make"
	BuildStamp="20210226-1651-Experimental"
	Name="TG"
	Generator="ctest-3.19.6"
	CompilerName="C:/TDM-GCC-64/bin/x86_64-w64-mingw32-g++.exe"
	CompilerVersion="5.1.0"
	OSName="Windows"
	Hostname="TG"
	OSRelease=" Personal"
	OSVersion=" (Build 9600)"
	OSPlatform="AMD64"
	Is64Bits="1"
	VendorString="GenuineIntel"
	VendorID="Intel Corporation"
	FamilyID="6"
	ModelID="5"
	ProcessorCacheSize="-1"
	NumberOfLogicalCPU="4"
	NumberOfPhysicalCPU="2"
	TotalVirtualMemory="9388"
	TotalPhysicalMemory="8108"
	LogicalProcessorsPerPhysical="2"
	ProcessorClockFrequency="2394"
	>
	<Testing>
		<StartDateTime>Feb 26 17:51 West-Europa (standaardtijd)</StartDateTime>
		<StartTestTime>1614358285</StartTestTime>
		<TestList/>
		<EndDateTime>Feb 26 17:51 West-Europa (standaardtijd)</EndDateTime>
		<EndTestTime>1614358285</EndTestTime>
		<ElapsedMinutes>0</ElapsedMinutes>
	</Testing>
</Site>
